SF:lib/game_logic/engine/game_engine.dart
DA:33,1
DA:43,1
DA:46,0
DA:47,0
DA:48,0
DA:50,0
DA:51,0
DA:52,0
DA:55,0
DA:56,0
DA:57,0
DA:60,0
DA:61,0
DA:62,0
DA:65,0
DA:66,0
DA:67,0
DA:68,0
DA:72,0
DA:73,0
DA:74,0
DA:75,0
DA:76,0
DA:80,0
DA:81,0
DA:82,0
DA:84,0
DA:88,1
DA:89,1
DA:90,0
DA:97,2
DA:98,1
DA:101,1
DA:102,1
DA:109,1
DA:110,2
DA:111,1
DA:112,1
DA:119,0
DA:120,0
DA:121,0
DA:126,0
DA:128,0
DA:129,0
DA:130,0
DA:131,0
DA:138,0
DA:145,1
DA:146,2
DA:147,0
DA:148,0
DA:149,0
DA:154,1
DA:155,7
DA:156,2
DA:157,2
DA:159,3
DA:161,1
DA:162,1
DA:163,3
DA:165,2
DA:169,1
DA:170,1
DA:173,0
DA:174,0
DA:175,0
DA:176,0
DA:177,0
DA:178,0
DA:179,0
DA:180,0
DA:181,0
DA:182,0
DA:185,0
DA:190,1
DA:192,2
DA:196,1
DA:197,9
DA:198,1
DA:199,6
DA:203,1
DA:204,5
DA:205,3
DA:206,3
DA:207,3
DA:208,3
DA:210,1
DA:211,1
DA:212,1
DA:214,1
DA:215,1
DA:217,1
DA:218,0
DA:220,1
DA:221,1
DA:223,1
DA:224,1
DA:226,1
DA:227,3
DA:228,3
DA:230,1
DA:231,1
DA:233,0
DA:234,0
DA:239,0
DA:240,0
DA:241,0
DA:243,0
DA:244,0
DA:246,0
DA:247,0
DA:248,0
DA:254,1
DA:255,1
DA:256,2
DA:258,5
DA:259,2
DA:260,4
DA:261,4
DA:265,1
DA:266,4
DA:267,3
DA:270,1
DA:271,1
DA:272,1
DA:273,3
DA:276,1
DA:277,6
DA:278,1
DA:281,1
DA:282,2
DA:283,0
DA:284,0
DA:285,0
DA:287,2
DA:288,2
DA:289,4
DA:291,2
DA:292,2
DA:294,1
DA:295,10
DA:296,2
DA:298,0
DA:300,3
DA:301,1
DA:302,2
DA:303,1
DA:304,10
DA:305,2
DA:306,0
DA:308,3
DA:309,1
DA:310,2
DA:311,5
DA:312,1
DA:313,3
DA:314,1
DA:315,1
DA:316,4
DA:317,1
DA:320,1
DA:322,2
DA:326,0
DA:327,0
DA:328,0
DA:329,0
DA:330,0
DA:332,0
DA:333,0
DA:334,0
DA:335,0
DA:336,0
DA:337,0
DA:339,0
DA:341,0
DA:346,0
DA:347,0
DA:348,0
DA:350,0
DA:351,0
DA:355,0
DA:356,0
DA:357,0
DA:358,0
DA:359,0
DA:360,0
DA:361,0
DA:362,0
DA:363,0
DA:365,0
DA:366,0
DA:367,0
DA:368,0
DA:369,0
DA:370,0
DA:373,0
DA:374,0
DA:375,0
DA:376,0
DA:377,0
DA:378,0
DA:379,0
DA:380,0
DA:384,0
DA:385,0
DA:386,0
DA:387,0
DA:388,0
DA:393,0
DA:394,0
DA:395,0
DA:400,0
DA:401,0
DA:405,0
DA:406,0
DA:407,0
DA:408,0
DA:409,0
DA:410,0
DA:413,1
DA:414,1
DA:415,1
DA:416,1
DA:417,3
DA:419,1
DA:421,1
DA:422,1
DA:423,1
DA:425,1
DA:426,1
DA:432,1
DA:433,3
DA:435,1
DA:438,1
DA:439,1
DA:440,1
DA:441,2
DA:442,1
DA:443,1
DA:445,1
DA:449,1
DA:450,3
DA:451,3
DA:454,3
DA:458,1
DA:461,2
DA:466,3
DA:471,2
DA:472,2
DA:473,1
DA:474,1
DA:475,1
DA:479,0
DA:480,0
DA:481,0
DA:482,0
DA:483,0
DA:488,0
DA:489,0
DA:490,0
DA:491,0
LF:261
LH:130
end_of_record
SF:lib/game_logic/models/player.dart
DA:16,1
DA:26,1
DA:28,1
DA:29,4
DA:33,1
DA:34,2
DA:37,1
DA:38,2
DA:39,1
DA:41,2
DA:44,1
DA:45,2
DA:49,1
DA:50,2
DA:51,0
DA:53,1
DA:54,0
DA:56,1
DA:57,1
DA:59,1
DA:62,1
DA:63,2
DA:66,1
DA:67,2
DA:68,1
DA:72,1
DA:73,2
DA:74,0
DA:76,1
DA:77,2
DA:80,1
DA:81,2
DA:82,0
DA:84,3
DA:85,1
DA:88,1
DA:89,2
DA:90,0
DA:92,1
DA:93,3
DA:96,1
DA:97,1
DA:98,2
DA:99,1
DA:101,2
DA:104,1
DA:105,1
DA:106,1
DA:108,2
DA:109,1
DA:111,1
DA:112,0
DA:114,2
DA:115,0
DA:117,1
DA:118,1
DA:119,2
DA:120,2
DA:121,1
DA:125,0
DA:126,0
DA:127,0
LF:62
LH:52
end_of_record
SF:lib/game_logic/models/bank.dart
DA:7,1
DA:12,1
DA:13,2
DA:14,0
DA:16,2
DA:19,1
DA:20,2
DA:23,1
DA:24,2
DA:25,0
DA:27,2
DA:30,0
DA:31,0
DA:34,1
DA:35,2
DA:39,0
DA:40,0
DA:41,0
LF:18
LH:11
end_of_record
SF:lib/game_logic/models/property.dart
DA:6,3
DA:21,1
DA:34,3
DA:36,1
DA:37,2
DA:39,2
DA:41,2
DA:43,7
DA:44,1
DA:45,4
DA:47,1
DA:48,5
DA:49,4
DA:51,5
DA:54,1
DA:55,1
DA:56,1
DA:58,1
DA:59,0
DA:61,3
DA:62,1
DA:64,2
DA:65,0
DA:67,1
DA:70,1
DA:71,1
DA:72,1
DA:74,1
DA:77,1
DA:78,1
DA:79,0
DA:81,1
DA:82,1
DA:84,1
DA:85,1
DA:87,2
DA:88,2
DA:89,1
DA:91,2
DA:92,1
DA:94,2
DA:95,0
DA:97,1
DA:98,1
DA:100,1
DA:101,3
DA:106,0
DA:107,0
DA:108,0
DA:109,0
DA:110,0
DA:111,0
DA:113,0
DA:118,0
DA:120,2
DA:122,1
DA:123,1
LF:57
LH:45
end_of_record
SF:lib/game_logic/models/board_tile.dart
DA:11,1
LF:1
LH:1
end_of_record
SF:lib/game_logic/models/game_config.dart
DA:23,1
LF:1
LH:1
end_of_record
SF:lib/game_logic/models/card.dart
DA:13,1
DA:22,1
DA:23,1
DA:24,1
DA:25,1
DA:27,1
DA:29,2
DA:31,1
DA:33,2
DA:35,1
DA:37,2
DA:39,1
DA:43,0
DA:44,0
DA:45,0
DA:47,0
DA:48,0
DA:49,0
DA:50,0
DA:52,1
DA:54,2
DA:55,2
DA:56,2
DA:57,2
DA:61,0
DA:63,0
DA:64,0
DA:65,0
DA:66,0
DA:71,0
LF:30
LH:17
end_of_record
SF:lib/game_logic/models/trade.dart
DA:7,0
DA:8,0
DA:9,0
DA:27,0
DA:37,0
DA:38,0
DA:39,0
DA:41,0
DA:42,0
DA:45,0
DA:46,0
DA:47,0
DA:49,0
DA:52,0
DA:53,0
DA:54,0
DA:56,0
DA:60,0
DA:61,0
DA:62,0
DA:63,0
DA:64,0
DA:69,0
DA:70,0
DA:71,0
DA:73,0
DA:76,0
DA:77,0
DA:78,0
DA:79,0
DA:81,0
DA:82,0
DA:83,0
DA:86,0
DA:87,0
DA:88,0
DA:90,0
DA:91,0
DA:92,0
DA:95,0
DA:96,0
DA:97,0
DA:100,0
DA:101,0
DA:102,0
LF:45
LH:0
end_of_record
SF:lib/game_logic/persistence/hive_persistence.dart
DA:13,0
DA:14,0
DA:15,0
DA:16,0
DA:17,0
DA:18,0
DA:19,0
DA:20,0
DA:21,0
DA:22,0
DA:23,0
DA:24,0
DA:27,0
DA:28,0
DA:29,0
DA:30,0
DA:31,0
DA:32,0
DA:33,0
DA:34,0
DA:35,0
DA:36,0
DA:37,0
DA:38,0
DA:42,0
DA:43,0
DA:46,0
LF:27
LH:0
end_of_record
